<?xml version="1.0" encoding="UTF-8"?>
<testsuite xmlns:xsi="http://www.w3.org/2001/XMLSchema-instance" xsi:noNamespaceSchemaLocation="https://maven.apache.org/surefire/maven-surefire-plugin/xsd/surefire-test-report.xsd" version="3.0.2" name="com.sajijoseph.portfoliocms.PortfolioCmsApplicationTests" time="8.361" tests="1" errors="0" skipped="0" failures="0" flakes="0">
  <properties>
[...]
</properties>
  <testcase name="contextLoads" classname="com.sajijoseph.portfoliocms.PortfolioCmsApplicationTests" time="0.763">
    <system-out><![CDATA[10:31:40.472 [main] INFO org.springframework.test.context.support.AnnotationConfigContextLoaderUtils -- Could not detect default configuration classes for test class [com.sajijoseph.portfoliocms.PortfolioCmsApplicationTests]: PortfolioCmsApplicationTests does not declare any static, non-private, non-final, nested classes annotated with @Configuration.
10:31:40.618 [main] INFO org.springframework.boot.test.context.SpringBootTestContextBootstrapper -- Found @SpringBootConfiguration com.sajijoseph.portfoliocms.PortfolioCmsApplication for test class com.sajijoseph.portfoliocms.PortfolioCmsApplicationTests
10:31:40.789 [main] INFO org.springframework.test.context.support.AnnotationConfigContextLoaderUtils -- Could not detect default configuration classes for test class [com.sajijoseph.portfoliocms.PortfolioCmsApplicationTests]: PortfolioCmsApplicationTests does not declare any static, non-private, non-final, nested classes annotated with @Configuration.
10:31:40.791 [main] INFO org.springframework.boot.test.context.SpringBootTestContextBootstrapper -- Found @SpringBootConfiguration com.sajijoseph.portfoliocms.PortfolioCmsApplication for test class com.sajijoseph.portfoliocms.PortfolioCmsApplicationTests
10:31:40.924 [main] INFO org.springframework.boot.devtools.restart.RestartApplicationListener -- Restart disabled due to context in which it is running

  .   ____          _            __ _ _
 /\\ / ___'_ __ _ _(_)_ __  __ _ \ \ \ \
( ( )\___ | '_ | '_| | '_ \/ _` | \ \ \ \
 \\/  ___)| |_)| | | | | || (_| |  ) ) ) )
  '  |____| .__|_| |_|_| |_\__, | / / / /
 =========|_|==============|___/=/_/_/_/

 :: Spring Boot ::                (v4.1.0)

2026-06-28T10:31:41.352+05:30  INFO 62606 --- [           main] c.s.p.PortfolioCmsApplicationTests       : Starting PortfolioCmsApplicationTests using Java 21.0.11 with PID 62606 (started by sajij in /home/sajij/INFOSPICA/code/IntelliJ/portfolio-platform/backend)
2026-06-28T10:31:41.354+05:30  INFO 62606 --- [           main] c.s.p.PortfolioCmsApplicationTests       : The following 1 profile is active: "dev"
2026-06-28T10:31:42.685+05:30  INFO 62606 --- [           main] .s.d.r.c.RepositoryConfigurationDelegate : Bootstrapping Spring Data JPA repositories in DEFAULT mode.
2026-06-28T10:31:42.720+05:30  INFO 62606 --- [           main] .s.d.r.c.RepositoryConfigurationDelegate : Finished Spring Data repository scanning in 19 ms. Found 0 JPA repository interfaces.
2026-06-28T10:31:43.533+05:30  INFO 62606 --- [           main] org.hibernate.orm.jpa                    : HHH008540: Processing PersistenceUnitInfo [name: default]
2026-06-28T10:31:43.624+05:30  INFO 62606 --- [           main] org.hibernate.orm.core                   : HHH000001: Hibernate ORM core version 7.4.1.Final
2026-06-28T10:31:44.237+05:30  INFO 62606 --- [           main] o.s.o.j.p.SpringPersistenceUnitInfo      : No LoadTimeWeaver setup: ignoring JPA class transformer
2026-06-28T10:31:44.277+05:30  INFO 62606 --- [           main] com.zaxxer.hikari.HikariDataSource       : HikariPool-1 - Starting...
2026-06-28T10:31:44.740+05:30  INFO 62606 --- [           main] com.zaxxer.hikari.pool.HikariPool        : HikariPool-1 - Added connection org.postgresql.jdbc.PgConnection@3f62d56
2026-06-28T10:31:44.742+05:30  INFO 62606 --- [           main] com.zaxxer.hikari.HikariDataSource       : HikariPool-1 - Start completed.
2026-06-28T10:31:44.845+05:30  INFO 62606 --- [           main] org.hibernate.orm.connections.pooling    : HHH10001005: Database info:
	Database JDBC URL [jdbc:postgresql://localhost:5432/portfolio_cms]
	Database driver: PostgreSQL JDBC Driver
	Database dialect: PostgreSQLDialect
	Database version: 16.14
	Default catalog/schema: portfolio_cms/public
	Autocommit mode: undefined/unknown
	Isolation level: READ_COMMITTED [default READ_COMMITTED]
	JDBC fetch size: none
	Pool: DataSourceConnectionProvider
	Minimum pool size: undefined/unknown
	Maximum pool size: undefined/unknown
2026-06-28T10:31:45.512+05:30  INFO 62606 --- [           main] org.hibernate.orm.core                   : HHH000489: No JTA platform available (set 'hibernate.transaction.jta.platform' to enable JTA platform integration)
2026-06-28T10:31:45.588+05:30  INFO 62606 --- [           main] j.LocalContainerEntityManagerFactoryBean : Initialized JPA EntityManagerFactory for persistence unit 'default'
2026-06-28T10:31:45.905+05:30  WARN 62606 --- [           main] JpaBaseConfiguration$JpaWebConfiguration : spring.jpa.open-in-view is enabled by default. Therefore, database queries may be performed during view rendering. Explicitly configure spring.jpa.open-in-view to disable this warning
2026-06-28T10:31:46.846+05:30  WARN 62606 --- [           main] .s.a.UserDetailsServiceAutoConfiguration : 

Using generated security password: 8f3f2fbe-eaa1-4853-86fc-eb1452a4a607

This generated password is for development use only. Your security configuration must be updated before running your application in production.

2026-06-28T10:31:46.894+05:30  INFO 62606 --- [           main] r$InitializeUserDetailsManagerConfigurer : Global AuthenticationManager configured with UserDetailsService bean with name inMemoryUserDetailsManager
2026-06-28T10:31:47.175+05:30  INFO 62606 --- [           main] o.s.b.a.e.web.EndpointLinksResolver      : Exposing 1 endpoint beneath base path '/actuator'
2026-06-28T10:31:47.648+05:30  INFO 62606 --- [           main] c.s.p.PortfolioCmsApplicationTests       : Started PortfolioCmsApplicationTests in 6.745 seconds (process running for 8.354)
]]></system-out>
    <system-err><![CDATA[Mockito is currently self-attaching to enable the inline-mock-maker. This will no longer work in future releases of the JDK. Please add Mockito as an agent to your build as described in Mockito's documentation: https://javadoc.io/doc/org.mockito/mockito-core/latest/org.mockito/org/mockito/Mockito.html#0.3
WARNING: A Java agent has been loaded dynamically (/home/sajij/.m2/repository/net/bytebuddy/byte-buddy-agent/1.18.10/byte-buddy-agent-1.18.10.jar)
WARNING: If a serviceability tool is in use, please run with -XX:+EnableDynamicAgentLoading to hide this warning
WARNING: If a serviceability tool is not in use, please run with -Djdk.instrument.traceUsage for more information
WARNING: Dynamic loading of agents will be disallowed by default in a future release
]]></system-err>
  </testcase>
</testsuite>